2025-09-03T12:09:07.457Z  INFO 49855 --- [Lavalink] [           main] lavalink.server.Launcher                 : Starting Launcher v4.1.1 using Java 21.0.7 with PID 49855 (/workspaces/MineColab-Improved-testing/music/Lavalink.jar started by codespace in /workspaces/MineColab-Improved-testing)
2025-09-03T12:09:07.482Z  INFO 49855 --- [Lavalink] [           main] lavalink.server.Launcher                 : No active profile set, falling back to 1 default profile: "default"
2025-09-03T12:09:08.914Z  INFO 49855 --- [Lavalink] [           main] o.s.cloud.context.scope.GenericScope     : BeanFactory id=3d6bf653-92ea-3fde-943a-10b9f8cd696e
2025-09-03T12:09:09.795Z  INFO 49855 --- [Lavalink] [           main] lavalink.server.Launcher                 : Started Launcher in 3.351 seconds (process running for 4.198)
2025-09-03T12:09:09.900Z  INFO 49855 --- [Lavalink] [           main] lavalink.server.Launcher                 : 

[32m       .  [31m _                  _ _       _    [32m__ _ _
[32m      /\\ [31m| | __ ___   ____ _| (_)_ __ | | __[32m\ \ \ \
[32m     ( ( )[31m| |/ _` \ \ / / _` | | | '_ \| |/ /[32m \ \ \ \
[32m      \\/ [31m| | (_| |\ V / (_| | | | | | |   < [32m  ) ) ) )
[32m       '  [31m|_|\__,_| \_/ \__,_|_|_|_| |_|_|\_\[32m / / / /
[0m    =========================================[32m/_/_/_/[0m

	Version:        4.1.1
	Build time:     05.06.2025 07:37:42 UTC
	Branch          HEAD
	Commit:         4238202
	Commit time:    05.06.2025 07:11:37 UTC
	JVM:            21.0.7
	Lavaplayer      2.2.3

2025-09-03T12:09:09.918Z  INFO 49855 --- [Lavalink] [           main] lavalink.server.Launcher                 : No active profile set, falling back to 1 default profile: "default"
2025-09-03T12:09:10.980Z  WARN 49855 --- [Lavalink] [           main] io.undertow.websockets.jsr               : UT026010: Buffer pool was not set on WebSocketDeploymentInfo, the default pool will be used
2025-09-03T12:09:11.012Z  INFO 49855 --- [Lavalink] [           main] io.undertow.servlet                      : Initializing Spring embedded WebApplicationContext
2025-09-03T12:09:11.013Z  INFO 49855 --- [Lavalink] [           main] w.s.c.ServletWebServerApplicationContext : Root WebApplicationContext: initialization completed in 1085 ms
2025-09-03T12:09:11.183Z  INFO 49855 --- [Lavalink] [           main] c.s.d.l.tools.GarbageCollectionMonitor   : GC monitoring enabled, reporting results every 2 minutes.
2025-09-03T12:09:11.416Z  WARN 49855 --- [Lavalink] [           main] l.s.config.AudioPlayerConfiguration      : The default Youtube source is now deprecated and won't receive further updates.
You should use the new Youtube source plugin instead.
https://github.com/lavalink-devs/youtube-source#plugin.
To disable this warning, set 'lavalink.server.sources.youtube' to false in your application.yml.
2025-09-03T12:09:12.414Z  INFO 49855 --- [Lavalink] [           main] l.server.config.KoeConfiguration         : OS: LINUX, Arch: X86_64
2025-09-03T12:09:12.415Z  INFO 49855 --- [Lavalink] [           main] l.server.config.KoeConfiguration         : Enabling JDA-NAS
2025-09-03T12:09:12.419Z  INFO 49855 --- [Lavalink] [           main] c.s.l.c.natives.NativeLibraryLoader      : Native library udpqueue: loading with filter null
2025-09-03T12:09:12.425Z  INFO 49855 --- [Lavalink] [           main] c.s.l.c.natives.NativeLibraryLoader      : Native library udpqueue: successfully loaded.
2025-09-03T12:09:12.488Z  WARN 49855 --- [Lavalink] [           main] l.server.config.SentryConfiguration      : Turning off sentry
2025-09-03T12:09:12.978Z  INFO 49855 --- [Lavalink] [           main] io.undertow                              : starting server: Undertow - 2.3.13.Final
2025-09-03T12:09:13.007Z  INFO 49855 --- [Lavalink] [           main] org.xnio                                 : XNIO version 3.8.8.Final
2025-09-03T12:09:13.029Z  INFO 49855 --- [Lavalink] [           main] org.xnio.nio                             : XNIO NIO Implementation Version 3.8.8.Final
2025-09-03T12:09:13.212Z  INFO 49855 --- [Lavalink] [           main] org.jboss.threads                        : JBoss Threads version 3.5.0.Final
2025-09-03T12:09:13.287Z  INFO 49855 --- [Lavalink] [           main] o.s.b.w.e.undertow.UndertowWebServer     : Undertow started on port 8080 (http) with context path '/'
2025-09-03T12:09:13.300Z  INFO 49855 --- [Lavalink] [           main] lavalink.server.Launcher                 : Started Launcher in 3.494 seconds (process running for 7.703)
2025-09-03T12:09:13.301Z  INFO 49855 --- [Lavalink] [           main] lavalink.server.Launcher                 : Lavalink is ready to accept connections.
